file:///C:/Users/User/Desktop/svp-token-panel/svp-token-panel/backend/node_modules/zod/v3/types.js:39
                const error = new ZodError(ctx.common.issues);
                              ^

ZodError: [
  {
    "code": "invalid_type",
    "expected": "string",
    "received": "undefined",
    "path": [
      "FRONTEND_URL"
    ],
    "message": "Required"
  },
  {
    "code": "invalid_type",
    "expected": "string",
    "received": "undefined",
    "path": [
      "SESSION_SECRET"
    ],
    "message": "Required"
  },
  {
    "code": "invalid_type",
    "expected": "string",
    "received": "undefined",
    "path": [
      "APP_ENCRYPTION_KEY"
    ],
    "message": "Required"
  },
  {
    "code": "invalid_type",
    "expected": "string",
    "received": "undefined",
    "path": [
      "SVP_API_BASE_URL"
    ],
    "message": "Required"
  }
]
    at get error [as error] (file:///C:/Users/User/Desktop/svp-token-panel/svp-token-panel/backend/node_modules/zod/v3/types.js:39:31)
    at ZodObject.parse (file:///C:/Users/User/Desktop/svp-token-panel/svp-token-panel/backend/node_modules/zod/v3/types.js:114:22)
    at file:///C:/Users/User/Desktop/svp-token-panel/svp-token-panel/backend/src/config/env.js:17:30
    at ModuleJob.run (node:internal/modules/esm/module_job:325:25)
    at async ModuleLoader.import (node:internal/modules/esm/loader:606:24)
    at async asyncRunEntryPointWithESMLoader (node:internal/modules/run_main:117:5) {
  issues: [
    {
      code: 'invalid_type',
      expected: 'string',
      received: 'undefined',
      path: [ 'FRONTEND_URL' ],
      message: 'Required'
    },
    {
      code: 'invalid_type',
      expected: 'string',
      received: 'undefined',
      path: [ 'SESSION_SECRET' ],
      message: 'Required'
    },
    {
      code: 'invalid_type',
      expected: 'string',
      received: 'undefined',
      path: [ 'APP_ENCRYPTION_KEY' ],
      message: 'Required'
    },
    {
      code: 'invalid_type',
      expected: 'string',
      received: 'undefined',
      path: [ 'SVP_API_BASE_URL' ],
      message: 'Required'
    }
  ],
  addIssue: [Function (anonymous)],
  addIssues: [Function (anonymous)],
  errors: [
    {
      code: 'invalid_type',
      expected: 'string',
      received: 'undefined',
      path: [ 'FRONTEND_URL' ],
      message: 'Required'
    },
    {
      code: 'invalid_type',
      expected: 'string',
      received: 'undefined',
      path: [ 'SESSION_SECRET' ],
      message: 'Required'
    },
    {
      code: 'invalid_type',
      expected: 'string',
      received: 'undefined',
      path: [ 'APP_ENCRYPTION_KEY' ],
      message: 'Required'
    },
    {
      code: 'invalid_type',
      expected: 'string',
      received: 'undefined',
      path: [ 'SVP_API_BASE_URL' ],
      message: 'Required'
    }
  ]
}

Node.js v20.19.5
npm notice
npm notice New major version of npm available! 10.8.2 -> 11.11.1
npm notice Changelog: https://github.com/npm/cli/releases/tag/v11.11.1
npm notice To update run: npm install -g npm@11.11.1
npm notice
